<?xml version="1.0" encoding="UTF-8"?>
<!-- Generated by org.testng.reporters.JUnitReportReporter -->
<testsuite skipped="0" hostname="DESKTOP-K42ITB2" name="com.tmb.tests.AmazonDemoTest" tests="2" failures="0" timestamp="26 Apr 2023 04:57:29 GMT" time="64.651" errors="0">
  <testcase name="amazonTest" time="33.085" classname="com.tmb.tests.AmazonDemoTest"/>
  <testcase name="amazonTest" time="31.566" classname="com.tmb.tests.AmazonDemoTest"/>
</testsuite> <!-- com.tmb.tests.AmazonDemoTest -->
